<?xml version="1.0" encoding="UTF-8" standalone="no"?>
<testsuite errors="0" failures="1" name="io.cucumber.core.plugin.JUnitFormatter" skipped="0" tests="1" time="20.052">
<testcase classname="E-commerce Project Web Site Health Check" name="User is able to Open the browser, navigate to the URL and Search for Product" time="19.874">
<failure message="Keys to send should be a not null CharSequence" type="java.lang.IllegalArgumentException"><![CDATA[Given User opened browser...................................................passed
And User navigated to the home application url..............................passed
When User Search for product "mobile".......................................failed
Then Search Result page is displayed........................................skipped

StackTrace:
java.lang.IllegalArgumentException: Keys to send should be a not null CharSequence
	at org.openqa.selenium.remote.RemoteWebElement.sendKeys(RemoteWebElement.java:97)
	at StepDefs.HealthChecks.user_search_for_product(HealthChecks.java:44)
	at âœ½.User Search for product "mobile"(file:///D:/Testing/Cucumber_Framework/src/test/resources/Features/HealthCheck.feature:6)
]]></failure>
</testcase>
</testsuite>
